<?xml version="1.0" encoding="UTF-8"?>
<!-- Generated by org.testng.reporters.JUnitReportReporter -->
<testsuite hostname="DESKTOP-A0UFN4V" failures="0" tests="3" name="tests.SearchTest" time="7.861" errors="0" timestamp="2022-11-15T15:50:17 IST" skipped="0">
  <testcase classname="tests.SearchTest" name="searchWithValidProductName" time="2.624"/>
  <system-out/>
  <testcase classname="tests.SearchTest" name="searchWithInvalidProductName" time="2.671"/>
  <system-out/>
  <testcase classname="tests.SearchTest" name="searchByNotProvidingAnyProductName" time="2.566"/>
  <system-out/>
</testsuite> <!-- tests.SearchTest -->
