<?xml version="1.0" encoding="UTF-8"?>
<!-- Generated by org.testng.reporters.JUnitReportReporter -->
<testsuite hostname="DESKTOP-A0UFN4V" failures="0" tests="2" name="tests.RegisterTest" time="11.867" errors="0" timestamp="2022-11-15T15:50:17 IST" skipped="0">
  <testcase classname="tests.RegisterTest" name="registerWithMandatoryFields" time="7.879"/>
  <system-out/>
  <testcase classname="tests.RegisterTest" name="registerWithAllFields" time="3.988"/>
  <system-out/>
</testsuite> <!-- tests.RegisterTest -->
