<?xml version="1.0" encoding="UTF-8"?>
<!-- Generated by org.testng.reporters.JUnitReportReporter -->
<testsuite hostname="DESKTOP-A0UFN4V" failures="0" tests="2" name="tests.LoginTest" time="6.569" errors="0" timestamp="2022-11-15T15:50:17 IST" skipped="0">
  <testcase classname="tests.LoginTest" name="loginWithValidCrendetials" time="3.362"/>
  <system-out/>
  <testcase classname="tests.LoginTest" name="loginWithInvalidCredentials" time="3.207"/>
  <system-out/>
</testsuite> <!-- tests.LoginTest -->
