<?xml version="1.0" encoding="UTF-8"?>
<!-- Generated by org.testng.reporters.JUnitReportReporter -->
<testsuite hostname="DESKTOP-A0UFN4V" failures="0" tests="3" name="tests.SearchTest" time="8.414" errors="0" timestamp="2022-11-15T16:04:02 IST" skipped="0">
  <testcase classname="tests.SearchTest" name="searchWithValidProductName" time="2.818"/>
  <system-out/>
  <testcase classname="tests.SearchTest" name="searchWithInvalidProductName" time="2.798"/>
  <system-out/>
  <testcase classname="tests.SearchTest" name="searchByNotProvidingAnyProductName" time="2.798"/>
  <system-out/>
</testsuite> <!-- tests.SearchTest -->
