<?xml version="1.0" encoding="UTF-8"?>
<!-- Generated by org.testng.reporters.JUnitReportReporter -->
<testsuite hostname="DESKTOP-A0UFN4V" failures="0" tests="2" name="tests.LoginTest" time="5.971" errors="0" timestamp="2022-11-15T16:04:02 IST" skipped="0">
  <testcase classname="tests.LoginTest" name="loginWithValidCrendetials" time="2.977"/>
  <system-out/>
  <testcase classname="tests.LoginTest" name="loginWithInvalidCredentials" time="2.994"/>
  <system-out/>
</testsuite> <!-- tests.LoginTest -->
