<?xml version="1.0" encoding="UTF-8"?>
<!-- Generated by org.testng.reporters.JUnitReportReporter -->
<testsuite hostname="DESKTOP-A0UFN4V" failures="0" tests="2" name="tests.RegisterTest" time="9.598" errors="0" timestamp="2022-11-15T16:04:02 IST" skipped="0">
  <testcase classname="tests.RegisterTest" name="registerWithMandatoryFields" time="5.937"/>
  <system-out/>
  <testcase classname="tests.RegisterTest" name="registerWithAllFields" time="3.661"/>
  <system-out/>
</testsuite> <!-- tests.RegisterTest -->
